#
# There is insufficient memory for the Java Runtime Environment to continue.
# Native memory allocation (malloc) failed to allocate 1431040 bytes for Chunk::new
# Possible reasons:
#   The system is out of physical RAM or swap space
#   In 32 bit mode, the process size limit was hit
# Possible solutions:
#   Reduce memory load on the system
#   Increase physical memory or swap space
#   Check if swap backing store is full
#   Use 64 bit Java on a 64 bit OS
#   Decrease Java heap size (-Xmx/-Xms)
#   Decrease number of Java threads
#   Decrease Java thread stack sizes (-Xss)
#   Set larger code cache with -XX:ReservedCodeCacheSize=
# This output file may be truncated or incomplete.
#
#  Out of Memory Error (allocation.cpp:390), pid=23196, tid=0x000000000000983c
#
# JRE version: Java(TM) SE Runtime Environment (8.0_121-b13) (build 1.8.0_121-b13)
# Java VM: Java HotSpot(TM) 64-Bit Server VM (25.121-b13 mixed mode windows-amd64 compressed oops)
# Failed to write core dump. Minidumps are not enabled by default on client versions of Windows
#

---------------  T H R E A D  ---------------

Current thread (0x0000000017fc3800):  JavaThread "C2 CompilerThread0" daemon [_thread_in_native, id=38972, stack(0x0000000019620000,0x0000000019720000)]

Stack: [0x0000000019620000,0x0000000019720000]
[error occurred during error reporting (printing stack bounds), id 0xc0000005]

Native frames: (J=compiled Java code, j=interpreted, Vv=VM code, C=native code)


Current CompileTask:
C2:   8673 4488   !   4       org.springframework.core.annotation.AnnotatedElementUtils::searchWithFindSemantics (774 bytes)


---------------  P R O C E S S  ---------------

Java Threads: ( => current thread )
  0x000000001cfa7800 JavaThread "HikariPool-1 connection adder" daemon [_thread_blocked, id=10332, stack(0x000000001fa20000,0x000000001fb20000)]
  0x000000001cb9c800 JavaThread "HikariPool-1 housekeeper" daemon [_thread_blocked, id=17116, stack(0x000000001f920000,0x000000001fa20000)]
  0x000000001daf6000 JavaThread "Abandoned connection cleanup thread" daemon [_thread_blocked, id=22164, stack(0x000000001f520000,0x000000001f620000)]
  0x000000001cf16000 JavaThread "container-0" [_thread_blocked, id=32844, stack(0x000000001f420000,0x000000001f520000)]
  0x000000001a0aa000 JavaThread "Catalina-utility-1" [_thread_blocked, id=10024, stack(0x000000001d900000,0x000000001da00000)]
  0x000000001a088000 JavaThread "ReaderThread" [_thread_in_native, id=40044, stack(0x000000001a720000,0x000000001a820000)]
  0x0000000019954800 JavaThread "Service Thread" daemon [_thread_blocked, id=19004, stack(0x0000000019d20000,0x0000000019e20000)]
  0x0000000017fed800 JavaThread "C1 CompilerThread2" daemon [_thread_blocked, id=13120, stack(0x0000000019820000,0x0000000019920000)]
  0x0000000017fc6000 JavaThread "C2 CompilerThread1" daemon [_thread_in_native, id=32256, stack(0x0000000019720000,0x0000000019820000)]
=>0x0000000017fc3800 JavaThread "C2 CompilerThread0" daemon [_thread_in_native, id=38972, stack(0x0000000019620000,0x0000000019720000)]
  0x0000000017fc2000 JavaThread "Attach Listener" daemon [_thread_blocked, id=33276, stack(0x0000000019520000,0x0000000019620000)]
  0x0000000017fc1000 JavaThread "Signal Dispatcher" daemon [_thread_blocked, id=37724, stack(0x0000000019420000,0x0000000019520000)]
  0x0000000017faa000 JavaThread "Finalizer" daemon [_thread_blocked, id=15580, stack(0x0000000019220000,0x0000000019320000)]
  0x0000000003353800 JavaThread "Reference Handler" daemon [_thread_blocked, id=35612, stack(0x0000000019120000,0x0000000019220000)]
  0x0000000003264800 JavaThread "main" [_thread_in_Java, id=35384, stack(0x0000000003150000,0x0000000003250000)]

Other Threads:
  0x0000000017f88000 VMThread [stack: 0x0000000019020000,0x0000000019120000] [id=34680]
  0x0000000019985000 WatcherThread [stack: 0x0000000019e20000,0x0000000019f20000] [id=25768]

VM state:not at safepoint (normal execution)

VM Mutex/Monitor currently owned by a thread: None

Heap:
 PSYoungGen      total 193024K, used 117585K [0x00000000d5580000, 0x00000000e3d80000, 0x0000000100000000)
  eden space 179712K, 58% used [0x00000000d5580000,0x00000000dbb565d0,0x00000000e0500000)
  from space 13312K, 99% used [0x00000000e0500000,0x00000000e11fdff8,0x00000000e1200000)
  to   space 10240K, 0% used [0x00000000e1200000,0x00000000e1200000,0x00000000e1c00000)
 ParOldGen       total 89088K, used 26147K [0x0000000080000000, 0x0000000085700000, 0x00000000d5580000)
  object space 89088K, 29% used [0x0000000080000000,0x0000000081988dd8,0x0000000085700000)
 Metaspace       used 55329K, capacity 57640K, committed 57768K, reserved 1099776K
  class space    used 7681K, capacity 8081K, committed 8104K, reserved 1048576K

Card table byte_map: [0x0000000012730000,0x0000000012b40000] byte_map_base: 0x0000000012330000

Marking Bits: (ParMarkBitMap*) 0x000000007461b6d0
 Begin Bits: [0x00000000131f0000, 0x00000000151f0000)
 End Bits:   [0x00000000151f0000, 0x00000000171f0000)

Polling page: 0x0000000003000000

CodeCache: size=245760Kb used=15334Kb max_used=15334Kb free=230425Kb
 bounds [0x0000000003370000, 0x0000000004280000, 0x0000000012370000]
 total_blobs=4672 nmethods=4148 adapters=434
 compilation: enabled

Compilation events (10 events):
Event: 8.626 Thread 0x0000000017fed800 4639       1       org.springframework.util.MimeType::getType (5 bytes)
Event: 8.626 Thread 0x0000000017fed800 nmethod 4639 0x000000000426d9d0 code [0x000000000426db20, 0x000000000426dc30]
Event: 8.627 Thread 0x0000000017fed800 4640       1       org.springframework.util.MimeType::getSubtype (5 bytes)
Event: 8.627 Thread 0x0000000017fed800 nmethod 4640 0x000000000426dc90 code [0x000000000426dde0, 0x000000000426def0]
Event: 8.655 Thread 0x0000000017fed800 4641       2       java.lang.Class::annotationData (44 bytes)
Event: 8.655 Thread 0x0000000017fed800 nmethod 4641 0x000000000426df50 code [0x000000000426e0c0, 0x000000000426e308]
Event: 8.655 Thread 0x0000000017fed800 4643       2       org.springframework.core.annotation.AnnotatedElementUtils::searchWithGetSemanticsInAnnotations (342 bytes)
Event: 8.657 Thread 0x0000000017fed800 nmethod 4643 0x000000000426e410 code [0x000000000426e720, 0x000000000426f228]
Event: 8.657 Thread 0x0000000017fed800 4642       2       org.springframework.core.annotation.AnnotationUtils::postProcessAnnotationAttributes (163 bytes)
Event: 8.659 Thread 0x0000000017fed800 nmethod 4642 0x000000000426ff10 code [0x0000000004270140, 0x00000000042708d8]

GC Heap History (10 events):
Event: 2.523 GC heap before
{Heap before GC invocations=7 (full 1):
 PSYoungGen      total 71680K, used 66560K [0x00000000d5580000, 0x00000000de780000, 0x0000000100000000)
  eden space 66560K, 100% used [0x00000000d5580000,0x00000000d9680000,0x00000000d9680000)
  from space 5120K, 0% used [0x00000000d9680000,0x00000000d9680000,0x00000000d9b80000)
  to   space 8192K, 0% used [0x00000000ddf80000,0x00000000ddf80000,0x00000000de780000)
 ParOldGen       total 53248K, used 6637K [0x0000000080000000, 0x0000000083400000, 0x00000000d5580000)
  object space 53248K, 12% used [0x0000000080000000,0x000000008067b500,0x0000000083400000)
 Metaspace       used 23899K, capacity 24636K, committed 24832K, reserved 1071104K
  class space    used 3119K, capacity 3325K, committed 3328K, reserved 1048576K
Event: 2.533 GC heap after
Heap after GC invocations=7 (full 1):
 PSYoungGen      total 116224K, used 4574K [0x00000000d5580000, 0x00000000de400000, 0x0000000100000000)
  eden space 111616K, 0% used [0x00000000d5580000,0x00000000d5580000,0x00000000dc280000)
  from space 4608K, 99% used [0x00000000ddf80000,0x00000000de3f7990,0x00000000de400000)
  to   space 8192K, 0% used [0x00000000dd400000,0x00000000dd400000,0x00000000ddc00000)
 ParOldGen       total 53248K, used 6709K [0x0000000080000000, 0x0000000083400000, 0x00000000d5580000)
  object space 53248K, 12% used [0x0000000080000000,0x000000008068d510,0x0000000083400000)
 Metaspace       used 23899K, capacity 24636K, committed 24832K, reserved 1071104K
  class space    used 3119K, capacity 3325K, committed 3328K, reserved 1048576K
}
Event: 3.741 GC heap before
{Heap before GC invocations=8 (full 1):
 PSYoungGen      total 116224K, used 116190K [0x00000000d5580000, 0x00000000de400000, 0x0000000100000000)
  eden space 111616K, 100% used [0x00000000d5580000,0x00000000dc280000,0x00000000dc280000)
  from space 4608K, 99% used [0x00000000ddf80000,0x00000000de3f7990,0x00000000de400000)
  to   space 8192K, 0% used [0x00000000dd400000,0x00000000dd400000,0x00000000ddc00000)
 ParOldGen       total 53248K, used 6709K [0x0000000080000000, 0x0000000083400000, 0x00000000d5580000)
  object space 53248K, 12% used [0x0000000080000000,0x000000008068d510,0x0000000083400000)
 Metaspace       used 29895K, capacity 30952K, committed 31104K, reserved 1077248K
  class space    used 3932K, capacity 4167K, committed 4224K, reserved 1048576K
Event: 3.760 GC heap after
Heap after GC invocations=8 (full 1):
 PSYoungGen      total 137728K, used 8188K [0x00000000d5580000, 0x00000000e1c00000, 0x0000000100000000)
  eden space 129536K, 0% used [0x00000000d5580000,0x00000000d5580000,0x00000000dd400000)
  from space 8192K, 99% used [0x00000000dd400000,0x00000000ddbff100,0x00000000ddc00000)
  to   space 10240K, 0% used [0x00000000e1200000,0x00000000e1200000,0x00000000e1c00000)
 ParOldGen       total 53248K, used 9078K [0x0000000080000000, 0x0000000083400000, 0x00000000d5580000)
  object space 53248K, 17% used [0x0000000080000000,0x00000000808ddbf8,0x0000000083400000)
 Metaspace       used 29895K, capacity 30952K, committed 31104K, reserved 1077248K
  class space    used 3932K, capacity 4167K, committed 4224K, reserved 1048576K
}
Event: 4.553 GC heap before
{Heap before GC invocations=9 (full 1):
 PSYoungGen      total 137728K, used 105812K [0x00000000d5580000, 0x00000000e1c00000, 0x0000000100000000)
  eden space 129536K, 75% used [0x00000000d5580000,0x00000000db4d6070,0x00000000dd400000)
  from space 8192K, 99% used [0x00000000dd400000,0x00000000ddbff100,0x00000000ddc00000)
  to   space 10240K, 0% used [0x00000000e1200000,0x00000000e1200000,0x00000000e1c00000)
 ParOldGen       total 53248K, used 9078K [0x0000000080000000, 0x0000000083400000, 0x00000000d5580000)
  object space 53248K, 17% used [0x0000000080000000,0x00000000808ddbf8,0x0000000083400000)
 Metaspace       used 33935K, capacity 35402K, committed 35496K, reserved 1079296K
  class space    used 4449K, capacity 4766K, committed 4776K, reserved 1048576K
Event: 4.572 GC heap after
Heap after GC invocations=9 (full 1):
 PSYoungGen      total 189952K, used 10215K [0x00000000d5580000, 0x00000000e3d80000, 0x0000000100000000)
  eden space 179712K, 0% used [0x00000000d5580000,0x00000000d5580000,0x00000000e0500000)
  from space 10240K, 99% used [0x00000000e1200000,0x00000000e1bf9ff0,0x00000000e1c00000)
  to   space 13312K, 0% used [0x00000000e0500000,0x00000000e0500000,0x00000000e1200000)
 ParOldGen       total 53248K, used 13427K [0x0000000080000000, 0x0000000083400000, 0x00000000d5580000)
  object space 53248K, 25% used [0x0000000080000000,0x0000000080d1cc60,0x0000000083400000)
 Metaspace       used 33935K, capacity 35402K, committed 35496K, reserved 1079296K
  class space    used 4449K, capacity 4766K, committed 4776K, reserved 1048576K
}
Event: 4.572 GC heap before
{Heap before GC invocations=10 (full 2):
 PSYoungGen      total 189952K, used 10215K [0x00000000d5580000, 0x00000000e3d80000, 0x0000000100000000)
  eden space 179712K, 0% used [0x00000000d5580000,0x00000000d5580000,0x00000000e0500000)
  from space 10240K, 99% used [0x00000000e1200000,0x00000000e1bf9ff0,0x00000000e1c00000)
  to   space 13312K, 0% used [0x00000000e0500000,0x00000000e0500000,0x00000000e1200000)
 ParOldGen       total 53248K, used 13427K [0x0000000080000000, 0x0000000083400000, 0x00000000d5580000)
  object space 53248K, 25% used [0x0000000080000000,0x0000000080d1cc60,0x0000000083400000)
 Metaspace       used 33935K, capacity 35402K, committed 35496K, reserved 1079296K
  class space    used 4449K, capacity 4766K, committed 4776K, reserved 1048576K
Event: 4.660 GC heap after
Heap after GC invocations=10 (full 2):
 PSYoungGen      total 189952K, used 0K [0x00000000d5580000, 0x00000000e3d80000, 0x0000000100000000)
  eden space 179712K, 0% used [0x00000000d5580000,0x00000000d5580000,0x00000000e0500000)
  from space 10240K, 0% used [0x00000000e1200000,0x00000000e1200000,0x00000000e1c00000)
  to   space 13312K, 0% used [0x00000000e0500000,0x00000000e0500000,0x00000000e1200000)
 ParOldGen       total 89088K, used 18759K [0x0000000080000000, 0x0000000085700000, 0x00000000d5580000)
  object space 89088K, 21% used [0x0000000080000000,0x0000000081251c68,0x0000000085700000)
 Metaspace       used 33935K, capacity 35402K, committed 35496K, reserved 1079296K
  class space    used 4449K, capacity 4766K, committed 4776K, reserved 1048576K
}
Event: 7.517 GC heap before
{Heap before GC invocations=11 (full 2):
 PSYoungGen      total 189952K, used 179712K [0x00000000d5580000, 0x00000000e3d80000, 0x0000000100000000)
  eden space 179712K, 100% used [0x00000000d5580000,0x00000000e0500000,0x00000000e0500000)
  from space 10240K, 0% used [0x00000000e1200000,0x00000000e1200000,0x00000000e1c00000)
  to   space 13312K, 0% used [0x00000000e0500000,0x00000000e0500000,0x00000000e1200000)
 ParOldGen       total 89088K, used 18759K [0x0000000080000000, 0x0000000085700000, 0x00000000d5580000)
  object space 89088K, 21% used [0x0000000080000000,0x0000000081251c68,0x0000000085700000)
 Metaspace       used 51925K, capacity 53710K, committed 53928K, reserved 1095680K
  class space    used 7177K, capacity 7508K, committed 7592K, reserved 1048576K
Event: 7.547 GC heap after
Heap after GC invocations=11 (full 2):
 PSYoungGen      total 193024K, used 13303K [0x00000000d5580000, 0x00000000e3d80000, 0x0000000100000000)
  eden space 179712K, 0% used [0x00000000d5580000,0x00000000d5580000,0x00000000e0500000)
  from space 13312K, 99% used [0x00000000e0500000,0x00000000e11fdff8,0x00000000e1200000)
  to   space 10240K, 0% used [0x00000000e1200000,0x00000000e1200000,0x00000000e1c00000)
 ParOldGen       total 89088K, used 26147K [0x0000000080000000, 0x0000000085700000, 0x00000000d5580000)
  object space 89088K, 29% used [0x0000000080000000,0x0000000081988dd8,0x0000000085700000)
 Metaspace       used 51925K, capacity 53710K, committed 53928K, reserved 1095680K
  class space    used 7177K, capacity 7508K, committed 7592K, reserved 1048576K
}

Deoptimization events (10 events):
Event: 7.665 Thread 0x0000000003264800 Uncommon trap: reason=class_check action=maybe_recompile pc=0x0000000003f3d0dc method=org.springframework.core.annotation.AnnotationUtils.hasPlainJavaAnnotationsOnly(Ljava/lang/Object;)Z @ 16
Event: 7.666 Thread 0x0000000003264800 Uncommon trap: reason=class_check action=maybe_recompile pc=0x0000000003f3d0dc method=org.springframework.core.annotation.AnnotationUtils.hasPlainJavaAnnotationsOnly(Ljava/lang/Object;)Z @ 16
Event: 7.666 Thread 0x0000000003264800 Uncommon trap: reason=class_check action=maybe_recompile pc=0x0000000003f3d0dc method=org.springframework.core.annotation.AnnotationUtils.hasPlainJavaAnnotationsOnly(Ljava/lang/Object;)Z @ 16
Event: 7.833 Thread 0x0000000003264800 Uncommon trap: reason=unstable_if action=reinterpret pc=0x0000000003f01794 method=org.springframework.asm.Frame.merge(Lorg/springframework/asm/SymbolTable;I[II)Z @ 87
Event: 7.833 Thread 0x0000000003264800 Uncommon trap: reason=unstable_if action=reinterpret pc=0x0000000003ce0568 method=org.springframework.asm.Frame.merge(Lorg/springframework/asm/SymbolTable;I[II)Z @ 87
Event: 7.858 Thread 0x0000000003264800 Uncommon trap: reason=unstable_if action=reinterpret pc=0x0000000003e8236c method=org.springframework.aop.framework.autoproxy.AbstractAutoProxyCreator.predictBeanType(Ljava/lang/Class;Ljava/lang/String;)Ljava/lang/Class; @ 9
Event: 7.877 Thread 0x0000000003264800 Uncommon trap: reason=unstable_if action=reinterpret pc=0x0000000003d4e280 method=org.springframework.beans.factory.support.AbstractAutowireCapableBeanFactory.predictBeanType(Ljava/lang/String;Lorg/springframework/beans/factory/support/RootBeanDefinition;
Event: 7.916 Thread 0x0000000003264800 Uncommon trap: reason=null_check action=make_not_entrant pc=0x0000000003b551e4 method=org.springframework.core.annotation.AnnotatedElementUtils.searchWithGetSemanticsInAnnotations(Ljava/lang/reflect/AnnotatedElement;Ljava/util/List;Ljava/util/Set;Ljava/la
Event: 8.347 Thread 0x0000000003264800 Uncommon trap: reason=unstable_if action=reinterpret pc=0x0000000003e956c8 method=java.util.concurrent.ConcurrentHashMap.putVal(Ljava/lang/Object;Ljava/lang/Object;Z)Ljava/lang/Object; @ 331
Event: 8.348 Thread 0x0000000003264800 Uncommon trap: reason=unstable_if action=reinterpret pc=0x00000000040df89c method=java.util.concurrent.ConcurrentHashMap.get(Ljava/lang/Object;)Ljava/lang/Object; @ 86

Internal exceptions (10 events):
Event: 8.589 Thread 0x0000000003264800 Exception <a 'java/lang/ClassNotFoundException': org/springframework/web/servlet/mvc/method/annotation/RequestMappingHandlerAdapterCustomizer> (0x00000000db21a618) thrown at [C:\re\workspace\8-2-build-windows-amd64-cygwin\jdk8u121\8372\hotspot\src\share\v
Event: 8.594 Thread 0x0000000003264800 Exception <a 'java/lang/ClassNotFoundException': org/springframework/beans/factory/BeanFactoryAwareCustomizer> (0x00000000db2be190) thrown at [C:\re\workspace\8-2-build-windows-amd64-cygwin\jdk8u121\8372\hotspot\src\share\vm\classfile\systemDictionary.cpp
Event: 8.594 Thread 0x0000000003264800 Exception <a 'java/lang/ClassNotFoundException': org/springframework/beans/factory/AwareCustomizer> (0x00000000db2d8658) thrown at [C:\re\workspace\8-2-build-windows-amd64-cygwin\jdk8u121\8372\hotspot\src\share\vm\classfile\systemDictionary.cpp, line 210]
Event: 8.595 Thread 0x0000000003264800 Exception <a 'java/lang/ClassNotFoundException': org/springframework/beans/factory/InitializingBeanCustomizer> (0x00000000db2f4580) thrown at [C:\re\workspace\8-2-build-windows-amd64-cygwin\jdk8u121\8372\hotspot\src\share\vm\classfile\systemDictionary.cpp
Event: 8.595 Thread 0x0000000003264800 Exception <a 'java/lang/ClassNotFoundException': org/springframework/web/servlet/HandlerAdapterCustomizer> (0x00000000db30fcf8) thrown at [C:\re\workspace\8-2-build-windows-amd64-cygwin\jdk8u121\8372\hotspot\src\share\vm\classfile\systemDictionary.cpp, li
Event: 8.597 Thread 0x0000000003264800 Exception <a 'java/lang/ClassNotFoundException': org/springframework/core/OrderedCustomizer> (0x00000000db327f30) thrown at [C:\re\workspace\8-2-build-windows-amd64-cygwin\jdk8u121\8372\hotspot\src\share\vm\classfile\systemDictionary.cpp, line 210]
Event: 8.597 Thread 0x0000000003264800 Exception <a 'java/lang/ClassNotFoundException': org/springframework/web/context/ServletContextAwareCustomizer> (0x00000000db345040) thrown at [C:\re\workspace\8-2-build-windows-amd64-cygwin\jdk8u121\8372\hotspot\src\share\vm\classfile\systemDictionary.cp
Event: 8.598 Thread 0x0000000003264800 Exception <a 'java/lang/ClassNotFoundException': org/springframework/beans/factory/AwareCustomizer> (0x00000000db35ef58) thrown at [C:\re\workspace\8-2-build-windows-amd64-cygwin\jdk8u121\8372\hotspot\src\share\vm\classfile\systemDictionary.cpp, line 210]
Event: 8.598 Thread 0x0000000003264800 Exception <a 'java/lang/ClassNotFoundException': org/springframework/context/ApplicationContextAwareCustomizer> (0x00000000db37b3f0) thrown at [C:\re\workspace\8-2-build-windows-amd64-cygwin\jdk8u121\8372\hotspot\src\share\vm\classfile\systemDictionary.cp
Event: 8.599 Thread 0x0000000003264800 Exception <a 'java/lang/ClassNotFoundException': org/springframework/beans/factory/AwareCustomizer> (0x00000000db3958a0) thrown at [C:\re\workspace\8-2-build-windows-amd64-cygwin\jdk8u121\8372\hotspot\src\share\vm\classfile\systemDictionary.cpp, line 210]

Events (10 events):
Event: 8.666 Executing VM operation: Deoptimize
Event: 8.667 Executing VM operation: Deoptimize done
Event: 8.667 loading class org/springframework/web/method/HandlerMethod$ReturnValueMethodParameter
Event: 8.667 loading class org/springframework/web/method/HandlerMethod$ReturnValueMethodParameter done
Event: 8.667 Executing VM operation: Deoptimize
Event: 8.668 Executing VM operation: Deoptimize done
Event: 8.668 loading class org/springframework/web/servlet/handler/AbstractHandlerMethodMapping$EmptyHandler
Event: 8.668 loading class org/springframework/web/servlet/handler/AbstractHandlerMethodMapping$EmptyHandler done
Event: 8.669 loading class org/springframework/web/bind/annotation/ResponseStatus
Event: 8.669 loading class org/springframework/web/bind/annotation/ResponseStatus done


Dynamic libraries:
0x00007ff6b79e0000 - 0x00007ff6b7a17000 	C:\Program Files\Java\jre1.8.0_121\bin\javaw.exe
0x00007ffc1f100000 - 0x00007ffc1f2e1000 	C:\WINDOWS\SYSTEM32\ntdll.dll
0x00007ffc1dc00000 - 0x00007ffc1dcb2000 	C:\WINDOWS\System32\KERNEL32.DLL
0x00007ffc1bc40000 - 0x00007ffc1beb3000 	C:\WINDOWS\System32\KERNELBASE.dll
0x00007ffc1ebe0000 - 0x00007ffc1ec81000 	C:\WINDOWS\System32\ADVAPI32.dll
0x00007ffc1dcc0000 - 0x00007ffc1dd5e000 	C:\WINDOWS\System32\msvcrt.dll
0x00007ffc1d9d0000 - 0x00007ffc1da2b000 	C:\WINDOWS\System32\sechost.dll
0x00007ffc1efa0000 - 0x00007ffc1f0c4000 	C:\WINDOWS\System32\RPCRT4.dll
0x00007ffc1e5b0000 - 0x00007ffc1e740000 	C:\WINDOWS\System32\USER32.dll
0x00007ffc1c480000 - 0x00007ffc1c4a0000 	C:\WINDOWS\System32\win32u.dll
0x00007ffc1ebb0000 - 0x00007ffc1ebd8000 	C:\WINDOWS\System32\GDI32.dll
0x00007ffc1bec0000 - 0x00007ffc1c052000 	C:\WINDOWS\System32\gdi32full.dll
0x00007ffc1c4f0000 - 0x00007ffc1c58f000 	C:\WINDOWS\System32\msvcp_win.dll
0x00007ffc1c110000 - 0x00007ffc1c20a000 	C:\WINDOWS\System32\ucrtbase.dll
0x00007ffc19650000 - 0x00007ffc198b9000 	C:\WINDOWS\WinSxS\amd64_microsoft.windows.common-controls_6595b64144ccf1df_6.0.17134.407_none_fb449d63306391e9\COMCTL32.dll
0x00007ffc1e880000 - 0x00007ffc1eba2000 	C:\WINDOWS\System32\combase.dll
0x00007ffc1c210000 - 0x00007ffc1c28a000 	C:\WINDOWS\System32\bcryptPrimitives.dll
0x00007ffc1dbd0000 - 0x00007ffc1dbfd000 	C:\WINDOWS\System32\IMM32.DLL
0x00007ffc1b2b0000 - 0x00007ffc1b30d000 	C:\Program Files\Citrix\System32\MfApHook64.dll
0x00007ffc1ac00000 - 0x00007ffc1ac2b000 	C:\Program Files\Citrix\ICAService\CtxDodHook64.dll
0x00007ffc1b1d0000 - 0x00007ffc1b202000 	C:\Program Files\Citrix\ICAService\picaFullScreenHookX64.dll
0x00007ffc1abb0000 - 0x00007ffc1abfe000 	C:\Program Files\Citrix\ICAService\ShellHook64.dll
0x00007ffc1c590000 - 0x00007ffc1d9cf000 	C:\WINDOWS\System32\SHELL32.dll
0x00007ffc1c4a0000 - 0x00007ffc1c4e9000 	C:\WINDOWS\System32\cfgmgr32.dll
0x00007ffc1e1b0000 - 0x00007ffc1e259000 	C:\WINDOWS\System32\shcore.dll
0x00007ffc1b4d0000 - 0x00007ffc1bbdd000 	C:\WINDOWS\System32\windows.storage.dll
0x00007ffc1e550000 - 0x00007ffc1e5a1000 	C:\WINDOWS\System32\shlwapi.dll
0x00007ffc1b440000 - 0x00007ffc1b451000 	C:\WINDOWS\System32\kernel.appcore.dll
0x00007ffc1b420000 - 0x00007ffc1b43f000 	C:\WINDOWS\System32\profapi.dll
0x00007ffc1b460000 - 0x00007ffc1b4ac000 	C:\WINDOWS\System32\powrprof.dll
0x00007ffc1b410000 - 0x00007ffc1b41a000 	C:\WINDOWS\System32\FLTLIB.DLL
0x00007ffc1aa10000 - 0x00007ffc1ab8c000 	C:\Program Files\Citrix\ICAService\SCardHook64.dll
0x00007ffc1a8b0000 - 0x00007ffc1a8da000 	C:\Program Files\Citrix\ICAService\cxinjime64.dll
0x00007ffc1a6c0000 - 0x00007ffc1a708000 	C:\Program Files\Citrix\ICAService\PicaWtsHook64.dll
0x0000000072e90000 - 0x0000000072f62000 	C:\Program Files\Java\jre1.8.0_121\bin\msvcr100.dll
0x0000000073e00000 - 0x000000007469b000 	C:\Program Files\Java\jre1.8.0_121\bin\server\jvm.dll
0x00007ffc1ed00000 - 0x00007ffc1ed08000 	C:\WINDOWS\System32\PSAPI.DLL
0x00007ffc11f30000 - 0x00007ffc11f39000 	C:\WINDOWS\SYSTEM32\WSOCK32.dll
0x00007ffc1e740000 - 0x00007ffc1e7ac000 	C:\WINDOWS\System32\WS2_32.dll
0x00007ffc15940000 - 0x00007ffc15963000 	C:\WINDOWS\SYSTEM32\WINMM.dll
0x00007ffc1b0c0000 - 0x00007ffc1b0ca000 	C:\WINDOWS\SYSTEM32\VERSION.dll
0x00007ffc15910000 - 0x00007ffc1593a000 	C:\WINDOWS\SYSTEM32\WINMMBASE.dll
0x0000000073d10000 - 0x0000000073d1f000 	C:\Program Files\Java\jre1.8.0_121\bin\verify.dll
0x0000000073ce0000 - 0x0000000073d09000 	C:\Program Files\Java\jre1.8.0_121\bin\java.dll
0x0000000073cc0000 - 0x0000000073cd6000 	C:\Program Files\Java\jre1.8.0_121\bin\zip.dll
0x0000000073ca0000 - 0x0000000073cba000 	C:\Program Files\Java\jre1.8.0_121\bin\net.dll
0x00007ffc1a100000 - 0x00007ffc1a166000 	C:\WINDOWS\system32\mswsock.dll
0x0000000073c80000 - 0x0000000073c91000 	C:\Program Files\Java\jre1.8.0_121\bin\nio.dll
0x00000000746a0000 - 0x00000000746ad000 	C:\Program Files\Java\jre1.8.0_121\bin\management.dll
0x00007ffc0ffe0000 - 0x00007ffc0fff6000 	C:\WINDOWS\system32\napinsp.dll
0x00007ffc10000000 - 0x00007ffc1001a000 	C:\WINDOWS\system32\pnrpnsp.dll
0x00007ffc16c80000 - 0x00007ffc16c99000 	C:\WINDOWS\system32\NLAapi.dll
0x00007ffc19ec0000 - 0x00007ffc19f7e000 	C:\WINDOWS\SYSTEM32\DNSAPI.dll
0x00007ffc1ecf0000 - 0x00007ffc1ecf8000 	C:\WINDOWS\System32\NSI.dll
0x00007ffc19e80000 - 0x00007ffc19eb8000 	C:\WINDOWS\SYSTEM32\IPHLPAPI.DLL
0x00007ffc10050000 - 0x00007ffc1005e000 	C:\WINDOWS\System32\winrnr.dll
0x00007ffc12190000 - 0x00007ffc1219a000 	C:\Windows\System32\rasadhlp.dll
0x00007ffc126f0000 - 0x00007ffc12762000 	C:\WINDOWS\System32\fwpuclnt.dll
0x00007ffc1ac30000 - 0x00007ffc1ac55000 	C:\WINDOWS\SYSTEM32\bcrypt.dll
0x00007ffc1a2c0000 - 0x00007ffc1a2d7000 	C:\WINDOWS\SYSTEM32\CRYPTSP.dll
0x00007ffc19ce0000 - 0x00007ffc19d13000 	C:\WINDOWS\system32\rsaenh.dll
0x00007ffc1b340000 - 0x00007ffc1b368000 	C:\WINDOWS\SYSTEM32\USERENV.dll
0x00007ffc1a2b0000 - 0x00007ffc1a2bb000 	C:\WINDOWS\SYSTEM32\CRYPTBASE.dll
0x00007ffc125d0000 - 0x00007ffc125e6000 	C:\WINDOWS\SYSTEM32\dhcpcsvc6.DLL
0x00007ffc125b0000 - 0x00007ffc125ca000 	C:\WINDOWS\SYSTEM32\dhcpcsvc.DLL

VM Arguments:
jvm_args: -ea -Dfile.encoding=UTF-8 
java_command: org.eclipse.jdt.internal.junit.runner.RemoteTestRunner -version 3 -port 49214 -testLoaderClass org.eclipse.jdt.internal.junit4.runner.JUnit4TestLoader -loaderpluginname org.eclipse.jdt.junit4.runtime -classNames com.tripeasy.wallet.walletservice.test.resource.WalletResourceTest
java_class_path (initial): C:\Users\kansoni\Desktop\TripEasyNew\wallet-service\target\test-classes;C:\Users\kansoni\Desktop\TripEasyNew\wallet-service\target\classes;C:\Users\kansoni\.m2\repository\org\projectlombok\lombok\1.16.20\lombok-1.16.20.jar;C:\Users\kansoni\.m2\repository\javax\servlet\jsp\jsp-api\2.2\jsp-api-2.2.jar;C:\Users\kansoni\.m2\repository\org\springframework\boot\spring-boot-starter-data-jpa\2.1.2.RELEASE\spring-boot-starter-data-jpa-2.1.2.RELEASE.jar;C:\Users\kansoni\.m2\repository\org\springframework\boot\spring-boot-starter-aop\2.1.2.RELEASE\spring-boot-starter-aop-2.1.2.RELEASE.jar;C:\Users\kansoni\.m2\repository\org\springframework\spring-aop\5.1.4.RELEASE\spring-aop-5.1.4.RELEASE.jar;C:\Users\kansoni\.m2\repository\org\aspectj\aspectjweaver\1.9.2\aspectjweaver-1.9.2.jar;C:\Users\kansoni\.m2\repository\org\springframework\boot\spring-boot-starter-jdbc\2.1.2.RELEASE\spring-boot-starter-jdbc-2.1.2.RELEASE.jar;C:\Users\kansoni\.m2\repository\com\zaxxer\HikariCP\3.2.0\HikariCP-3.2.0.jar;C:\Users\kansoni\.m2\repository\org\springframework\spring-jdbc\5.1.4.RELEASE\spring-jdbc-5.1.4.RELEASE.jar;C:\Users\kansoni\.m2\repository\javax\transaction\javax.transaction-api\1.3\javax.transaction-api-1.3.jar;C:\Users\kansoni\.m2\repository\javax\xml\bind\jaxb-api\2.3.1\jaxb-api-2.3.1.jar;C:\Users\kansoni\.m2\repository\javax\activation\javax.activation-api\1.2.0\javax.activation-api-1.2.0.jar;C:\Users\kansoni\.m2\repository\org\hibernate\hibernate-core\5.3.7.Final\hibernate-core-5.3.7.Final.jar;C:\Users\kansoni\.m2\repository\org\jboss\logging\jboss-logging\3.3.2.Final\jboss-logging-3.3.2.Final.jar;C:\Users\kansoni\.m2\repository\javax\persistence\javax.persistence-api\2.2\javax.persistence-api-2.2.jar;C:\Users\kansoni\.m2\repository\org\javassist\javassist\3.23.1-GA\javassist-3.23.1-GA.jar;C:\Users\kansoni\.m2\repository\net\bytebuddy\byte-buddy\1.9.7\byte-buddy-1.9.7.jar;C:\Users\kansoni\.m2\repository\antlr\antlr\2.7.7\antlr-2.7.7.jar;C:\Users\kansoni\.
Launcher Type: SUN_STANDARD

Environment Variables:
PATH=C:/Program Files/Java/jre1.8.0_121/bin/server;C:/Program Files/Java/jre1.8.0_121/bin;C:/Program Files/Java/jre1.8.0_121/lib/amd64;C:\Python34\;C:\Python34\Scripts;C:\oraclexe\app\oracle\product\11.2.0\server\bin;C:\ProgramData\Oracle\Java\javapath;C:\WINDOWS\system32;C:\WINDOWS;C:\WINDOWS\System32\Wbem;C:\WINDOWS\System32\WindowsPowerShell\v1.0\;C:\Program Files\TortoiseSVN\bin;C:\Program Files\nodejs\;C:\Program Files\Git\cmd;C:\Program Files (x86)\Microsoft SQL Server\110\Tools\Binn\ManagementStudio\;C:\Program Files (x86)\Microsoft SQL Server\110\Tools\Binn\;C:\Program Files (x86)\Microsoft SQL Server\110\DTS\Binn\;C:\Program Files\Citrix\System32\;C:\Program Files\Citrix\ICAService\;C:\WINDOWS\System32\OpenSSH\;C:\Users\kansoni\AppData\Local\Microsoft\WindowsApps;C:\Users\kansoni\AppData\Local\GitHubDesktop\bin;C:\Users\kansoni\Downloads\Spring Appp\sts-bundle\sts-3.9.7.RELEASE;
USERNAME=kansoni
OS=Windows_NT
PROCESSOR_IDENTIFIER=Intel64 Family 15 Model 6 Stepping 1, GenuineIntel



---------------  S Y S T E M  ---------------

OS: Windows 10.0 , 64 bit Build 17134 (10.0.17134.1)

CPU:total 4 (2 cores per cpu, 1 threads per core) family 15 model 6 stepping 1, cmov, cx8, fxsr, mmx, sse, sse2, sse3, ssse3, sse4.1, sse4.2, popcnt, avx, avx2, aes, clmul, erms, rtm, 3dnowpref, lzcnt, tsc, bmi1, bmi2, adx

Memory: 4k page, physical 8388056k(846104k free), swap 18697820k(10120k free)

vm_info: Java HotSpot(TM) 64-Bit Server VM (25.121-b13) for windows-amd64 JRE (1.8.0_121-b13), built on Dec 12 2016 18:21:36 by "java_re" with MS VC++ 10.0 (VS2010)

time: Wed Feb 20 09:15:54 2019
elapsed time: 8 seconds (0d 0h 0m 8s)

